[2019-03-28 03:31:51,710] INFO Starting the log cleaner (kafka.log.LogCleaner)
[2019-03-28 03:31:52,146] INFO [kafka-log-cleaner-thread-0]: Starting (kafka.log.LogCleaner)
[2019-03-28 03:35:32,639] INFO Starting the log cleaner (kafka.log.LogCleaner)
[2019-03-28 03:35:32,731] INFO [kafka-log-cleaner-thread-0]: Starting (kafka.log.LogCleaner)
[2019-03-28 03:36:13,394] INFO Starting the log cleaner (kafka.log.LogCleaner)
[2019-03-28 03:36:13,486] INFO [kafka-log-cleaner-thread-0]: Starting (kafka.log.LogCleaner)
[2019-03-28 03:38:09,489] INFO Starting the log cleaner (kafka.log.LogCleaner)
[2019-03-28 03:38:09,583] INFO [kafka-log-cleaner-thread-0]: Starting (kafka.log.LogCleaner)
[2019-03-28 03:46:30,081] INFO Starting the log cleaner (kafka.log.LogCleaner)
[2019-03-28 03:46:30,492] INFO [kafka-log-cleaner-thread-0]: Starting (kafka.log.LogCleaner)
[2019-03-28 03:48:04,070] INFO Starting the log cleaner (kafka.log.LogCleaner)
[2019-03-28 03:48:04,163] INFO [kafka-log-cleaner-thread-0]: Starting (kafka.log.LogCleaner)
[2019-03-28 08:04:57,994] INFO Starting the log cleaner (kafka.log.LogCleaner)
[2019-03-28 08:04:58,456] INFO [kafka-log-cleaner-thread-0]: Starting (kafka.log.LogCleaner)
[2019-03-28 08:15:02,085] INFO Starting the log cleaner (kafka.log.LogCleaner)
[2019-03-28 08:15:02,445] INFO [kafka-log-cleaner-thread-0]: Starting (kafka.log.LogCleaner)
[2019-03-28 08:35:07,873] INFO Starting the log cleaner (kafka.log.LogCleaner)
[2019-03-28 08:35:08,289] INFO [kafka-log-cleaner-thread-0]: Starting (kafka.log.LogCleaner)
[2019-03-28 08:40:22,553] INFO Starting the log cleaner (kafka.log.LogCleaner)
[2019-03-28 08:40:22,647] INFO [kafka-log-cleaner-thread-0]: Starting (kafka.log.LogCleaner)
[2019-03-28 08:41:10,801] INFO Starting the log cleaner (kafka.log.LogCleaner)
[2019-03-28 08:41:10,917] INFO [kafka-log-cleaner-thread-0]: Starting (kafka.log.LogCleaner)
[2019-03-28 08:42:23,589] INFO Starting the log cleaner (kafka.log.LogCleaner)
[2019-03-28 08:42:23,731] INFO [kafka-log-cleaner-thread-0]: Starting (kafka.log.LogCleaner)
[2019-03-28 08:43:07,273] INFO Starting the log cleaner (kafka.log.LogCleaner)
[2019-03-28 08:43:07,366] INFO [kafka-log-cleaner-thread-0]: Starting (kafka.log.LogCleaner)
[2019-03-28 08:43:47,724] INFO Starting the log cleaner (kafka.log.LogCleaner)
[2019-03-28 08:43:47,821] INFO [kafka-log-cleaner-thread-0]: Starting (kafka.log.LogCleaner)
[2019-03-28 13:04:35,767] INFO Starting the log cleaner (kafka.log.LogCleaner)
[2019-03-28 13:04:36,397] INFO [kafka-log-cleaner-thread-0]: Starting (kafka.log.LogCleaner)
[2019-03-29 08:06:17,340] INFO Shutting down the log cleaner. (kafka.log.LogCleaner)
[2019-03-29 08:06:17,405] INFO [kafka-log-cleaner-thread-0]: Shutting down (kafka.log.LogCleaner)
[2019-03-29 08:06:17,405] INFO [kafka-log-cleaner-thread-0]: Stopped (kafka.log.LogCleaner)
[2019-03-29 08:06:17,405] INFO [kafka-log-cleaner-thread-0]: Shutdown completed (kafka.log.LogCleaner)
[2019-03-29 08:07:31,548] INFO Starting the log cleaner (kafka.log.LogCleaner)
[2019-03-29 08:07:32,030] INFO [kafka-log-cleaner-thread-0]: Starting (kafka.log.LogCleaner)
[2019-06-05 14:29:10,229] INFO Starting the log cleaner (kafka.log.LogCleaner)
[2019-06-05 14:29:10,675] INFO [kafka-log-cleaner-thread-0]: Starting (kafka.log.LogCleaner)
[2019-06-05 14:30:45,852] INFO Starting the log cleaner (kafka.log.LogCleaner)
[2019-06-05 14:30:46,081] INFO [kafka-log-cleaner-thread-0]: Starting (kafka.log.LogCleaner)
[2019-06-05 14:32:44,641] INFO Starting the log cleaner (kafka.log.LogCleaner)
[2019-06-05 14:32:44,798] INFO [kafka-log-cleaner-thread-0]: Starting (kafka.log.LogCleaner)
[2019-06-05 14:38:46,185] INFO Shutting down the log cleaner. (kafka.log.LogCleaner)
[2019-06-05 14:38:46,186] INFO [kafka-log-cleaner-thread-0]: Shutting down (kafka.log.LogCleaner)
[2019-06-05 14:38:46,186] INFO [kafka-log-cleaner-thread-0]: Stopped (kafka.log.LogCleaner)
[2019-06-05 14:38:46,186] INFO [kafka-log-cleaner-thread-0]: Shutdown completed (kafka.log.LogCleaner)
[2019-06-05 14:46:16,572] INFO Starting the log cleaner (kafka.log.LogCleaner)
[2019-06-05 14:46:17,039] INFO [kafka-log-cleaner-thread-0]: Starting (kafka.log.LogCleaner)
[2019-06-05 15:39:48,152] INFO Cleaner 0: Beginning cleaning of log __consumer_offsets-24. (kafka.log.LogCleaner)
[2019-06-05 15:39:48,177] INFO Cleaner 0: Building offset map for __consumer_offsets-24... (kafka.log.LogCleaner)
[2019-06-05 15:39:48,616] INFO Cleaner 0: Building offset map for log __consumer_offsets-24 for 1 segments in offset range [0, 3). (kafka.log.LogCleaner)
[2019-06-05 15:39:48,867] INFO Cleaner 0: Offset map for log __consumer_offsets-24 complete. (kafka.log.LogCleaner)
[2019-06-05 15:39:49,045] INFO Cleaner 0: Cleaning log __consumer_offsets-24 (cleaning prior to Thu Mar 28 13:14:43 CST 2019, discarding tombstones prior to Thu Jan 01 08:00:00 CST 1970)... (kafka.log.LogCleaner)
[2019-06-05 15:39:49,071] INFO Cleaner 0: Cleaning segment 0 in log __consumer_offsets-24 (largest timestamp Thu Mar 28 13:14:42 CST 2019) into 0, retaining deletes. (kafka.log.LogCleaner)
[2019-06-05 15:39:49,558] INFO Cleaner 0: Swapping in cleaned segment LogSegment(baseOffset=0, size=93) for segment(s) List(LogSegment(baseOffset=0, size=554)) in log Log(C:\tmp\kafka-logs\__consumer_offsets-24) (kafka.log.LogCleaner)
[2019-06-05 15:39:53,655] INFO Cleaner 0: Beginning cleaning of log __consumer_offsets-24. (kafka.log.LogCleaner)
[2019-06-05 15:39:53,655] INFO Cleaner 0: Building offset map for __consumer_offsets-24... (kafka.log.LogCleaner)
[2019-06-05 15:39:53,733] INFO Cleaner 0: Building offset map for log __consumer_offsets-24 for 1 segments in offset range [0, 3). (kafka.log.LogCleaner)
[2019-06-05 15:39:53,749] INFO Cleaner 0: Offset map for log __consumer_offsets-24 complete. (kafka.log.LogCleaner)
[2019-06-05 15:39:53,752] INFO Cleaner 0: Cleaning log __consumer_offsets-24 (cleaning prior to Thu Mar 28 13:14:43 CST 2019, discarding tombstones prior to Thu Jan 01 08:00:00 CST 1970)... (kafka.log.LogCleaner)
[2019-06-05 15:39:54,331] INFO Cleaner 0: Cleaning segment 0 in log __consumer_offsets-24 (largest timestamp Thu Mar 28 13:14:42 CST 2019) into 0, retaining deletes. (kafka.log.LogCleaner)
[2019-06-05 15:39:55,397] INFO Cleaner 0: Swapping in cleaned segment LogSegment(baseOffset=0, size=93) for segment(s) List(LogSegment(baseOffset=0, size=554)) in log Log(C:\tmp\kafka-logs\__consumer_offsets-24) (kafka.log.LogCleaner)
[2019-06-05 15:46:21,700] INFO Starting the log cleaner (kafka.log.LogCleaner)
[2019-06-05 15:46:22,185] INFO [kafka-log-cleaner-thread-0]: Starting (kafka.log.LogCleaner)
[2019-06-05 15:46:22,364] INFO Cleaner 0: Beginning cleaning of log __consumer_offsets-24. (kafka.log.LogCleaner)
[2019-06-05 15:46:22,364] INFO Cleaner 0: Building offset map for __consumer_offsets-24... (kafka.log.LogCleaner)
[2019-06-05 15:46:22,410] INFO Cleaner 0: Building offset map for log __consumer_offsets-24 for 1 segments in offset range [0, 3). (kafka.log.LogCleaner)
[2019-06-05 15:46:22,776] INFO Cleaner 0: Offset map for log __consumer_offsets-24 complete. (kafka.log.LogCleaner)
[2019-06-05 15:46:22,785] INFO Cleaner 0: Cleaning log __consumer_offsets-24 (cleaning prior to Thu Mar 28 13:14:43 CST 2019, discarding tombstones prior to Thu Jan 01 08:00:00 CST 1970)... (kafka.log.LogCleaner)
[2019-06-05 15:46:22,796] INFO Cleaner 0: Cleaning segment 0 in log __consumer_offsets-24 (largest timestamp Thu Mar 28 13:14:43 CST 2019) into 0, retaining deletes. (kafka.log.LogCleaner)
[2019-06-05 15:46:23,347] INFO Cleaner 0: Swapping in cleaned segment LogSegment(baseOffset=0, size=93) for segment(s) List(LogSegment(baseOffset=0, size=554)) in log Log(C:\tmp\kafka-logs\__consumer_offsets-24) (kafka.log.LogCleaner)
[2019-06-05 15:46:24,191] INFO Cleaner 0: Beginning cleaning of log __consumer_offsets-24. (kafka.log.LogCleaner)
[2019-06-05 15:46:24,191] INFO Cleaner 0: Building offset map for __consumer_offsets-24... (kafka.log.LogCleaner)
[2019-06-05 15:46:24,230] INFO Cleaner 0: Building offset map for log __consumer_offsets-24 for 1 segments in offset range [0, 3). (kafka.log.LogCleaner)
[2019-06-05 15:46:24,231] INFO Cleaner 0: Offset map for log __consumer_offsets-24 complete. (kafka.log.LogCleaner)
[2019-06-05 15:46:24,232] INFO Cleaner 0: Cleaning log __consumer_offsets-24 (cleaning prior to Thu Mar 28 13:14:43 CST 2019, discarding tombstones prior to Thu Jan 01 08:00:00 CST 1970)... (kafka.log.LogCleaner)
[2019-06-05 15:46:24,561] INFO Cleaner 0: Beginning cleaning of log __consumer_offsets-24. (kafka.log.LogCleaner)
[2019-06-05 15:46:24,561] INFO Cleaner 0: Building offset map for __consumer_offsets-24... (kafka.log.LogCleaner)
[2019-06-05 15:46:24,593] INFO Cleaner 0: Building offset map for log __consumer_offsets-24 for 1 segments in offset range [0, 3). (kafka.log.LogCleaner)
[2019-06-05 15:46:24,593] INFO Cleaner 0: Offset map for log __consumer_offsets-24 complete. (kafka.log.LogCleaner)
[2019-06-05 15:46:24,594] INFO Cleaner 0: Cleaning log __consumer_offsets-24 (cleaning prior to Thu Mar 28 13:14:43 CST 2019, discarding tombstones prior to Thu Jan 01 08:00:00 CST 1970)... (kafka.log.LogCleaner)
[2019-06-05 15:46:24,964] INFO Cleaner 0: Beginning cleaning of log __consumer_offsets-24. (kafka.log.LogCleaner)
[2019-06-05 15:46:24,965] INFO Cleaner 0: Building offset map for __consumer_offsets-24... (kafka.log.LogCleaner)
[2019-06-05 15:46:25,007] INFO Cleaner 0: Building offset map for log __consumer_offsets-24 for 1 segments in offset range [0, 3). (kafka.log.LogCleaner)
[2019-06-05 15:46:25,008] INFO Cleaner 0: Offset map for log __consumer_offsets-24 complete. (kafka.log.LogCleaner)
[2019-06-05 15:46:25,009] INFO Cleaner 0: Cleaning log __consumer_offsets-24 (cleaning prior to Thu Mar 28 13:14:43 CST 2019, discarding tombstones prior to Thu Jan 01 08:00:00 CST 1970)... (kafka.log.LogCleaner)
[2019-06-05 15:46:25,387] INFO Cleaner 0: Beginning cleaning of log __consumer_offsets-24. (kafka.log.LogCleaner)
[2019-06-05 15:46:25,387] INFO Cleaner 0: Building offset map for __consumer_offsets-24... (kafka.log.LogCleaner)
[2019-06-05 15:46:25,422] INFO Cleaner 0: Building offset map for log __consumer_offsets-24 for 1 segments in offset range [0, 3). (kafka.log.LogCleaner)
[2019-06-05 15:46:25,423] INFO Cleaner 0: Offset map for log __consumer_offsets-24 complete. (kafka.log.LogCleaner)
[2019-06-05 15:46:25,423] INFO Cleaner 0: Cleaning log __consumer_offsets-24 (cleaning prior to Thu Mar 28 13:14:43 CST 2019, discarding tombstones prior to Thu Jan 01 08:00:00 CST 1970)... (kafka.log.LogCleaner)
[2019-06-05 15:46:43,408] INFO Starting the log cleaner (kafka.log.LogCleaner)
[2019-06-05 15:46:43,524] INFO [kafka-log-cleaner-thread-0]: Starting (kafka.log.LogCleaner)
[2019-06-05 15:46:43,558] INFO Cleaner 0: Beginning cleaning of log __consumer_offsets-24. (kafka.log.LogCleaner)
[2019-06-05 15:46:43,559] INFO Cleaner 0: Building offset map for __consumer_offsets-24... (kafka.log.LogCleaner)
[2019-06-05 15:46:43,610] INFO Cleaner 0: Building offset map for log __consumer_offsets-24 for 1 segments in offset range [0, 3). (kafka.log.LogCleaner)
[2019-06-05 15:46:43,645] INFO Cleaner 0: Offset map for log __consumer_offsets-24 complete. (kafka.log.LogCleaner)
[2019-06-05 15:46:43,652] INFO Cleaner 0: Cleaning log __consumer_offsets-24 (cleaning prior to Thu Mar 28 13:14:43 CST 2019, discarding tombstones prior to Thu Jan 01 08:00:00 CST 1970)... (kafka.log.LogCleaner)
[2019-06-05 15:46:43,660] INFO Cleaner 0: Cleaning segment 0 in log __consumer_offsets-24 (largest timestamp Thu Mar 28 13:14:43 CST 2019) into 0, retaining deletes. (kafka.log.LogCleaner)
[2019-06-05 15:46:43,832] INFO Cleaner 0: Swapping in cleaned segment LogSegment(baseOffset=0, size=93) for segment(s) List(LogSegment(baseOffset=0, size=554)) in log Log(C:\tmp\kafka-logs\__consumer_offsets-24) (kafka.log.LogCleaner)
[2019-06-05 15:46:43,984] INFO Cleaner 0: Beginning cleaning of log __consumer_offsets-24. (kafka.log.LogCleaner)
[2019-06-05 15:46:43,984] INFO Cleaner 0: Building offset map for __consumer_offsets-24... (kafka.log.LogCleaner)
[2019-06-05 15:46:44,050] INFO Cleaner 0: Building offset map for log __consumer_offsets-24 for 1 segments in offset range [0, 3). (kafka.log.LogCleaner)
[2019-06-05 15:46:44,051] INFO Cleaner 0: Offset map for log __consumer_offsets-24 complete. (kafka.log.LogCleaner)
[2019-06-05 15:46:44,051] INFO Cleaner 0: Cleaning log __consumer_offsets-24 (cleaning prior to Thu Mar 28 13:14:43 CST 2019, discarding tombstones prior to Thu Jan 01 08:00:00 CST 1970)... (kafka.log.LogCleaner)
[2019-06-05 15:46:44,222] INFO Cleaner 0: Beginning cleaning of log __consumer_offsets-24. (kafka.log.LogCleaner)
[2019-06-05 15:46:44,222] INFO Cleaner 0: Building offset map for __consumer_offsets-24... (kafka.log.LogCleaner)
[2019-06-05 15:46:44,275] INFO Cleaner 0: Building offset map for log __consumer_offsets-24 for 1 segments in offset range [0, 3). (kafka.log.LogCleaner)
[2019-06-05 15:46:44,276] INFO Cleaner 0: Offset map for log __consumer_offsets-24 complete. (kafka.log.LogCleaner)
[2019-06-05 15:46:44,276] INFO Cleaner 0: Cleaning log __consumer_offsets-24 (cleaning prior to Thu Mar 28 13:14:43 CST 2019, discarding tombstones prior to Thu Jan 01 08:00:00 CST 1970)... (kafka.log.LogCleaner)
[2019-06-05 15:47:49,254] INFO Starting the log cleaner (kafka.log.LogCleaner)
[2019-06-05 15:47:49,522] INFO [kafka-log-cleaner-thread-0]: Starting (kafka.log.LogCleaner)
[2019-06-05 15:47:49,570] INFO Cleaner 0: Beginning cleaning of log __consumer_offsets-24. (kafka.log.LogCleaner)
[2019-06-05 15:47:49,570] INFO Cleaner 0: Building offset map for __consumer_offsets-24... (kafka.log.LogCleaner)
[2019-06-05 15:47:49,622] INFO Cleaner 0: Building offset map for log __consumer_offsets-24 for 1 segments in offset range [0, 3). (kafka.log.LogCleaner)
[2019-06-05 15:47:49,667] INFO Cleaner 0: Offset map for log __consumer_offsets-24 complete. (kafka.log.LogCleaner)
[2019-06-05 15:47:49,674] INFO Cleaner 0: Cleaning log __consumer_offsets-24 (cleaning prior to Thu Mar 28 13:14:43 CST 2019, discarding tombstones prior to Thu Jan 01 08:00:00 CST 1970)... (kafka.log.LogCleaner)
[2019-06-05 15:47:49,686] INFO Cleaner 0: Cleaning segment 0 in log __consumer_offsets-24 (largest timestamp Thu Mar 28 13:14:43 CST 2019) into 0, retaining deletes. (kafka.log.LogCleaner)
[2019-06-05 15:47:49,835] INFO Cleaner 0: Swapping in cleaned segment LogSegment(baseOffset=0, size=93) for segment(s) List(LogSegment(baseOffset=0, size=554)) in log Log(C:\tmp\kafka-logs\__consumer_offsets-24) (kafka.log.LogCleaner)
[2019-06-05 15:47:50,078] INFO Cleaner 0: Beginning cleaning of log __consumer_offsets-24. (kafka.log.LogCleaner)
[2019-06-05 15:47:50,078] INFO Cleaner 0: Building offset map for __consumer_offsets-24... (kafka.log.LogCleaner)
[2019-06-05 15:47:50,201] INFO Cleaner 0: Building offset map for log __consumer_offsets-24 for 1 segments in offset range [0, 3). (kafka.log.LogCleaner)
[2019-06-05 15:47:50,202] INFO Cleaner 0: Offset map for log __consumer_offsets-24 complete. (kafka.log.LogCleaner)
[2019-06-05 15:47:50,202] INFO Cleaner 0: Cleaning log __consumer_offsets-24 (cleaning prior to Thu Mar 28 13:14:43 CST 2019, discarding tombstones prior to Thu Jan 01 08:00:00 CST 1970)... (kafka.log.LogCleaner)
[2019-06-05 16:08:19,321] INFO Starting the log cleaner (kafka.log.LogCleaner)
[2019-06-05 16:08:20,205] INFO [kafka-log-cleaner-thread-0]: Starting (kafka.log.LogCleaner)
[2019-06-05 16:08:20,677] INFO Cleaner 0: Beginning cleaning of log __consumer_offsets-24. (kafka.log.LogCleaner)
[2019-06-05 16:08:20,678] INFO Cleaner 0: Building offset map for __consumer_offsets-24... (kafka.log.LogCleaner)
[2019-06-05 16:08:20,725] INFO Cleaner 0: Building offset map for log __consumer_offsets-24 for 1 segments in offset range [0, 3). (kafka.log.LogCleaner)
[2019-06-05 16:08:20,922] INFO Cleaner 0: Offset map for log __consumer_offsets-24 complete. (kafka.log.LogCleaner)
[2019-06-05 16:08:20,986] INFO Cleaner 0: Cleaning log __consumer_offsets-24 (cleaning prior to Thu Mar 28 13:14:43 CST 2019, discarding tombstones prior to Thu Jan 01 08:00:00 CST 1970)... (kafka.log.LogCleaner)
[2019-06-05 16:08:20,995] INFO Cleaner 0: Cleaning segment 0 in log __consumer_offsets-24 (largest timestamp Thu Mar 28 13:14:43 CST 2019) into 0, retaining deletes. (kafka.log.LogCleaner)
[2019-06-05 16:08:21,293] INFO Cleaner 0: Swapping in cleaned segment LogSegment(baseOffset=0, size=93) for segment(s) List(LogSegment(baseOffset=0, size=554)) in log Log(C:\tmp\kafka-logs\__consumer_offsets-24) (kafka.log.LogCleaner)
[2019-06-05 16:08:21,640] INFO Cleaner 0: Beginning cleaning of log __consumer_offsets-24. (kafka.log.LogCleaner)
[2019-06-05 16:08:21,640] INFO Cleaner 0: Building offset map for __consumer_offsets-24... (kafka.log.LogCleaner)
[2019-06-05 16:08:21,725] INFO Cleaner 0: Building offset map for log __consumer_offsets-24 for 1 segments in offset range [0, 3). (kafka.log.LogCleaner)
[2019-06-05 16:08:21,726] INFO Cleaner 0: Offset map for log __consumer_offsets-24 complete. (kafka.log.LogCleaner)
[2019-06-05 16:08:21,726] INFO Cleaner 0: Cleaning log __consumer_offsets-24 (cleaning prior to Thu Mar 28 13:14:43 CST 2019, discarding tombstones prior to Thu Jan 01 08:00:00 CST 1970)... (kafka.log.LogCleaner)
[2019-06-05 16:08:21,941] INFO Cleaner 0: Beginning cleaning of log __consumer_offsets-24. (kafka.log.LogCleaner)
[2019-06-05 16:08:21,941] INFO Cleaner 0: Building offset map for __consumer_offsets-24... (kafka.log.LogCleaner)
[2019-06-05 16:08:21,973] INFO Cleaner 0: Building offset map for log __consumer_offsets-24 for 1 segments in offset range [0, 3). (kafka.log.LogCleaner)
[2019-06-05 16:08:21,974] INFO Cleaner 0: Offset map for log __consumer_offsets-24 complete. (kafka.log.LogCleaner)
[2019-06-05 16:08:21,974] INFO Cleaner 0: Cleaning log __consumer_offsets-24 (cleaning prior to Thu Mar 28 13:14:43 CST 2019, discarding tombstones prior to Thu Jan 01 08:00:00 CST 1970)... (kafka.log.LogCleaner)
[2019-06-05 16:08:22,155] INFO Cleaner 0: Beginning cleaning of log __consumer_offsets-24. (kafka.log.LogCleaner)
[2019-06-05 16:08:22,155] INFO Cleaner 0: Building offset map for __consumer_offsets-24... (kafka.log.LogCleaner)
[2019-06-05 16:08:22,188] INFO Cleaner 0: Building offset map for log __consumer_offsets-24 for 1 segments in offset range [0, 3). (kafka.log.LogCleaner)
[2019-06-05 16:08:22,189] INFO Cleaner 0: Offset map for log __consumer_offsets-24 complete. (kafka.log.LogCleaner)
[2019-06-05 16:08:22,189] INFO Cleaner 0: Cleaning log __consumer_offsets-24 (cleaning prior to Thu Mar 28 13:14:43 CST 2019, discarding tombstones prior to Thu Jan 01 08:00:00 CST 1970)... (kafka.log.LogCleaner)
[2019-06-05 16:08:22,317] INFO Cleaner 0: Beginning cleaning of log __consumer_offsets-24. (kafka.log.LogCleaner)
[2019-06-05 16:08:22,317] INFO Cleaner 0: Building offset map for __consumer_offsets-24... (kafka.log.LogCleaner)
[2019-06-05 16:08:22,349] INFO Cleaner 0: Building offset map for log __consumer_offsets-24 for 1 segments in offset range [0, 3). (kafka.log.LogCleaner)
[2019-06-05 16:08:22,350] INFO Cleaner 0: Offset map for log __consumer_offsets-24 complete. (kafka.log.LogCleaner)
[2019-06-05 16:08:22,350] INFO Cleaner 0: Cleaning log __consumer_offsets-24 (cleaning prior to Thu Mar 28 13:14:43 CST 2019, discarding tombstones prior to Thu Jan 01 08:00:00 CST 1970)... (kafka.log.LogCleaner)
[2019-06-05 16:08:22,441] INFO Cleaner 0: Beginning cleaning of log __consumer_offsets-24. (kafka.log.LogCleaner)
[2019-06-05 16:08:22,441] INFO Cleaner 0: Building offset map for __consumer_offsets-24... (kafka.log.LogCleaner)
[2019-06-05 16:08:22,473] INFO Cleaner 0: Building offset map for log __consumer_offsets-24 for 1 segments in offset range [0, 3). (kafka.log.LogCleaner)
[2019-06-05 16:08:22,474] INFO Cleaner 0: Offset map for log __consumer_offsets-24 complete. (kafka.log.LogCleaner)
[2019-06-05 16:08:22,475] INFO Cleaner 0: Cleaning log __consumer_offsets-24 (cleaning prior to Thu Mar 28 13:14:43 CST 2019, discarding tombstones prior to Thu Jan 01 08:00:00 CST 1970)... (kafka.log.LogCleaner)
[2019-06-05 16:08:22,618] INFO Cleaner 0: Beginning cleaning of log __consumer_offsets-24. (kafka.log.LogCleaner)
[2019-06-05 16:08:22,618] INFO Cleaner 0: Building offset map for __consumer_offsets-24... (kafka.log.LogCleaner)
[2019-06-05 16:08:22,652] INFO Cleaner 0: Building offset map for log __consumer_offsets-24 for 1 segments in offset range [0, 3). (kafka.log.LogCleaner)
[2019-06-05 16:08:22,653] INFO Cleaner 0: Offset map for log __consumer_offsets-24 complete. (kafka.log.LogCleaner)
[2019-06-05 16:08:22,653] INFO Cleaner 0: Cleaning log __consumer_offsets-24 (cleaning prior to Thu Mar 28 13:14:43 CST 2019, discarding tombstones prior to Thu Jan 01 08:00:00 CST 1970)... (kafka.log.LogCleaner)
[2019-06-05 16:08:22,883] INFO Cleaner 0: Beginning cleaning of log __consumer_offsets-24. (kafka.log.LogCleaner)
[2019-06-05 16:08:22,883] INFO Cleaner 0: Building offset map for __consumer_offsets-24... (kafka.log.LogCleaner)
[2019-06-05 16:08:22,915] INFO Cleaner 0: Building offset map for log __consumer_offsets-24 for 1 segments in offset range [0, 3). (kafka.log.LogCleaner)
[2019-06-05 16:08:22,916] INFO Cleaner 0: Offset map for log __consumer_offsets-24 complete. (kafka.log.LogCleaner)
[2019-06-05 16:08:22,916] INFO Cleaner 0: Cleaning log __consumer_offsets-24 (cleaning prior to Thu Mar 28 13:14:43 CST 2019, discarding tombstones prior to Thu Jan 01 08:00:00 CST 1970)... (kafka.log.LogCleaner)
[2019-06-05 16:08:23,128] INFO Cleaner 0: Beginning cleaning of log __consumer_offsets-24. (kafka.log.LogCleaner)
[2019-06-05 16:08:23,128] INFO Cleaner 0: Building offset map for __consumer_offsets-24... (kafka.log.LogCleaner)
[2019-06-05 16:08:23,162] INFO Cleaner 0: Building offset map for log __consumer_offsets-24 for 1 segments in offset range [0, 3). (kafka.log.LogCleaner)
[2019-06-05 16:08:23,163] INFO Cleaner 0: Offset map for log __consumer_offsets-24 complete. (kafka.log.LogCleaner)
[2019-06-05 16:08:23,163] INFO Cleaner 0: Cleaning log __consumer_offsets-24 (cleaning prior to Thu Mar 28 13:14:43 CST 2019, discarding tombstones prior to Thu Jan 01 08:00:00 CST 1970)... (kafka.log.LogCleaner)
[2019-06-05 16:08:23,275] INFO Cleaner 0: Beginning cleaning of log __consumer_offsets-24. (kafka.log.LogCleaner)
[2019-06-05 16:08:23,275] INFO Cleaner 0: Building offset map for __consumer_offsets-24... (kafka.log.LogCleaner)
[2019-06-05 16:08:23,320] INFO Cleaner 0: Building offset map for log __consumer_offsets-24 for 1 segments in offset range [0, 3). (kafka.log.LogCleaner)
[2019-06-05 16:08:23,320] INFO Cleaner 0: Offset map for log __consumer_offsets-24 complete. (kafka.log.LogCleaner)
[2019-06-05 16:08:23,321] INFO Cleaner 0: Cleaning log __consumer_offsets-24 (cleaning prior to Thu Mar 28 13:14:43 CST 2019, discarding tombstones prior to Thu Jan 01 08:00:00 CST 1970)... (kafka.log.LogCleaner)
[2019-06-05 16:08:23,562] INFO Cleaner 0: Beginning cleaning of log __consumer_offsets-24. (kafka.log.LogCleaner)
[2019-06-05 16:08:23,562] INFO Cleaner 0: Building offset map for __consumer_offsets-24... (kafka.log.LogCleaner)
[2019-06-05 16:08:23,597] INFO Cleaner 0: Building offset map for log __consumer_offsets-24 for 1 segments in offset range [0, 3). (kafka.log.LogCleaner)
[2019-06-05 16:08:23,598] INFO Cleaner 0: Offset map for log __consumer_offsets-24 complete. (kafka.log.LogCleaner)
[2019-06-05 16:08:23,599] INFO Cleaner 0: Cleaning log __consumer_offsets-24 (cleaning prior to Thu Mar 28 13:14:43 CST 2019, discarding tombstones prior to Thu Jan 01 08:00:00 CST 1970)... (kafka.log.LogCleaner)
[2019-06-05 16:09:28,870] INFO Starting the log cleaner (kafka.log.LogCleaner)
[2019-06-05 16:09:29,156] INFO [kafka-log-cleaner-thread-0]: Starting (kafka.log.LogCleaner)
[2019-06-05 16:09:29,221] INFO Cleaner 0: Beginning cleaning of log __consumer_offsets-24. (kafka.log.LogCleaner)
[2019-06-05 16:09:29,221] INFO Cleaner 0: Building offset map for __consumer_offsets-24... (kafka.log.LogCleaner)
[2019-06-05 16:09:29,311] INFO Cleaner 0: Building offset map for log __consumer_offsets-24 for 1 segments in offset range [0, 3). (kafka.log.LogCleaner)
[2019-06-05 16:09:29,360] INFO Cleaner 0: Offset map for log __consumer_offsets-24 complete. (kafka.log.LogCleaner)
[2019-06-05 16:09:29,366] INFO Cleaner 0: Cleaning log __consumer_offsets-24 (cleaning prior to Thu Mar 28 13:14:43 CST 2019, discarding tombstones prior to Thu Jan 01 08:00:00 CST 1970)... (kafka.log.LogCleaner)
[2019-06-05 16:09:29,376] INFO Cleaner 0: Cleaning segment 0 in log __consumer_offsets-24 (largest timestamp Thu Mar 28 13:14:43 CST 2019) into 0, retaining deletes. (kafka.log.LogCleaner)
[2019-06-05 16:09:29,633] INFO Cleaner 0: Swapping in cleaned segment LogSegment(baseOffset=0, size=93) for segment(s) List(LogSegment(baseOffset=0, size=554)) in log Log(C:\tmp\kafka-logs\__consumer_offsets-24) (kafka.log.LogCleaner)
[2019-06-05 16:09:29,834] INFO Cleaner 0: Beginning cleaning of log __consumer_offsets-24. (kafka.log.LogCleaner)
[2019-06-05 16:09:29,834] INFO Cleaner 0: Building offset map for __consumer_offsets-24... (kafka.log.LogCleaner)
[2019-06-05 16:09:29,904] INFO Cleaner 0: Building offset map for log __consumer_offsets-24 for 1 segments in offset range [0, 3). (kafka.log.LogCleaner)
[2019-06-05 16:09:29,906] INFO Cleaner 0: Offset map for log __consumer_offsets-24 complete. (kafka.log.LogCleaner)
[2019-06-05 16:09:29,906] INFO Cleaner 0: Cleaning log __consumer_offsets-24 (cleaning prior to Thu Mar 28 13:14:43 CST 2019, discarding tombstones prior to Thu Jan 01 08:00:00 CST 1970)... (kafka.log.LogCleaner)
[2019-06-05 16:09:30,042] INFO Cleaner 0: Beginning cleaning of log __consumer_offsets-24. (kafka.log.LogCleaner)
[2019-06-05 16:09:30,043] INFO Cleaner 0: Building offset map for __consumer_offsets-24... (kafka.log.LogCleaner)
[2019-06-05 16:11:17,601] INFO Starting the log cleaner (kafka.log.LogCleaner)
[2019-06-05 16:11:17,850] INFO [kafka-log-cleaner-thread-0]: Starting (kafka.log.LogCleaner)
[2019-06-05 16:11:17,904] INFO Cleaner 0: Beginning cleaning of log __consumer_offsets-24. (kafka.log.LogCleaner)
[2019-06-05 16:11:17,904] INFO Cleaner 0: Building offset map for __consumer_offsets-24... (kafka.log.LogCleaner)
[2019-06-05 16:11:17,948] INFO Cleaner 0: Building offset map for log __consumer_offsets-24 for 1 segments in offset range [0, 3). (kafka.log.LogCleaner)
[2019-06-05 16:11:17,989] INFO Cleaner 0: Offset map for log __consumer_offsets-24 complete. (kafka.log.LogCleaner)
[2019-06-05 16:11:17,998] INFO Cleaner 0: Cleaning log __consumer_offsets-24 (cleaning prior to Thu Mar 28 13:14:43 CST 2019, discarding tombstones prior to Thu Jan 01 08:00:00 CST 1970)... (kafka.log.LogCleaner)
[2019-06-05 16:11:18,013] INFO Cleaner 0: Cleaning segment 0 in log __consumer_offsets-24 (largest timestamp Thu Mar 28 13:14:43 CST 2019) into 0, retaining deletes. (kafka.log.LogCleaner)
[2019-06-05 16:11:18,211] INFO Cleaner 0: Swapping in cleaned segment LogSegment(baseOffset=0, size=93) for segment(s) List(LogSegment(baseOffset=0, size=554)) in log Log(C:\tmp\kafka-logs\__consumer_offsets-24) (kafka.log.LogCleaner)
[2019-06-05 16:11:18,356] INFO Cleaner 0: Beginning cleaning of log __consumer_offsets-24. (kafka.log.LogCleaner)
[2019-06-05 16:11:18,356] INFO Cleaner 0: Building offset map for __consumer_offsets-24... (kafka.log.LogCleaner)
[2019-06-05 16:11:18,420] INFO Cleaner 0: Building offset map for log __consumer_offsets-24 for 1 segments in offset range [0, 3). (kafka.log.LogCleaner)
[2019-06-05 16:11:18,421] INFO Cleaner 0: Offset map for log __consumer_offsets-24 complete. (kafka.log.LogCleaner)
[2019-06-05 16:11:18,422] INFO Cleaner 0: Cleaning log __consumer_offsets-24 (cleaning prior to Thu Mar 28 13:14:43 CST 2019, discarding tombstones prior to Thu Jan 01 08:00:00 CST 1970)... (kafka.log.LogCleaner)
[2019-06-05 16:13:22,696] INFO Starting the log cleaner (kafka.log.LogCleaner)
[2019-06-05 16:13:22,925] INFO [kafka-log-cleaner-thread-0]: Starting (kafka.log.LogCleaner)
[2019-06-05 16:13:22,956] INFO Cleaner 0: Beginning cleaning of log __consumer_offsets-24. (kafka.log.LogCleaner)
[2019-06-05 16:13:22,957] INFO Cleaner 0: Building offset map for __consumer_offsets-24... (kafka.log.LogCleaner)
[2019-06-05 16:13:23,001] INFO Cleaner 0: Building offset map for log __consumer_offsets-24 for 1 segments in offset range [0, 3). (kafka.log.LogCleaner)
[2019-06-05 16:13:23,046] INFO Cleaner 0: Offset map for log __consumer_offsets-24 complete. (kafka.log.LogCleaner)
[2019-06-05 16:13:23,053] INFO Cleaner 0: Cleaning log __consumer_offsets-24 (cleaning prior to Thu Mar 28 13:14:43 CST 2019, discarding tombstones prior to Thu Jan 01 08:00:00 CST 1970)... (kafka.log.LogCleaner)
[2019-06-05 16:13:23,063] INFO Cleaner 0: Cleaning segment 0 in log __consumer_offsets-24 (largest timestamp Thu Mar 28 13:14:43 CST 2019) into 0, retaining deletes. (kafka.log.LogCleaner)
[2019-06-05 16:13:23,211] INFO Cleaner 0: Swapping in cleaned segment LogSegment(baseOffset=0, size=93) for segment(s) List(LogSegment(baseOffset=0, size=554)) in log Log(C:\tmp\kafka-logs\__consumer_offsets-24) (kafka.log.LogCleaner)
[2019-06-05 16:13:23,442] INFO Cleaner 0: Beginning cleaning of log __consumer_offsets-24. (kafka.log.LogCleaner)
[2019-06-05 16:13:23,442] INFO Cleaner 0: Building offset map for __consumer_offsets-24... (kafka.log.LogCleaner)
[2019-06-05 16:13:23,522] INFO Cleaner 0: Building offset map for log __consumer_offsets-24 for 1 segments in offset range [0, 3). (kafka.log.LogCleaner)
[2019-06-05 16:13:23,524] INFO Cleaner 0: Offset map for log __consumer_offsets-24 complete. (kafka.log.LogCleaner)
[2019-06-05 16:13:23,524] INFO Cleaner 0: Cleaning log __consumer_offsets-24 (cleaning prior to Thu Mar 28 13:14:43 CST 2019, discarding tombstones prior to Thu Jan 01 08:00:00 CST 1970)... (kafka.log.LogCleaner)
[2019-06-06 10:07:34,416] INFO Starting the log cleaner (kafka.log.LogCleaner)
[2019-06-06 10:07:35,254] INFO [kafka-log-cleaner-thread-0]: Starting (kafka.log.LogCleaner)
[2019-06-06 10:07:35,768] INFO Cleaner 0: Beginning cleaning of log __consumer_offsets-24. (kafka.log.LogCleaner)
[2019-06-06 10:07:35,769] INFO Cleaner 0: Building offset map for __consumer_offsets-24... (kafka.log.LogCleaner)
[2019-06-06 10:07:35,906] INFO Cleaner 0: Building offset map for log __consumer_offsets-24 for 1 segments in offset range [0, 3). (kafka.log.LogCleaner)
[2019-06-06 10:07:36,362] INFO Cleaner 0: Offset map for log __consumer_offsets-24 complete. (kafka.log.LogCleaner)
[2019-06-06 10:07:36,426] INFO Cleaner 0: Cleaning log __consumer_offsets-24 (cleaning prior to Thu Mar 28 13:14:43 CST 2019, discarding tombstones prior to Thu Jan 01 08:00:00 CST 1970)... (kafka.log.LogCleaner)
[2019-06-06 10:07:36,438] INFO Cleaner 0: Cleaning segment 0 in log __consumer_offsets-24 (largest timestamp Thu Mar 28 13:14:43 CST 2019) into 0, retaining deletes. (kafka.log.LogCleaner)
[2019-06-06 10:07:36,767] INFO Cleaner 0: Swapping in cleaned segment LogSegment(baseOffset=0, size=93) for segment(s) List(LogSegment(baseOffset=0, size=554)) in log Log(C:\tmp\kafka-logs\__consumer_offsets-24) (kafka.log.LogCleaner)
[2019-06-06 10:07:37,311] INFO Cleaner 0: Beginning cleaning of log __consumer_offsets-24. (kafka.log.LogCleaner)
[2019-06-06 10:07:37,311] INFO Cleaner 0: Building offset map for __consumer_offsets-24... (kafka.log.LogCleaner)
[2019-06-06 10:07:37,457] INFO Cleaner 0: Building offset map for log __consumer_offsets-24 for 1 segments in offset range [0, 3). (kafka.log.LogCleaner)
[2019-06-06 10:07:37,459] INFO Cleaner 0: Offset map for log __consumer_offsets-24 complete. (kafka.log.LogCleaner)
[2019-06-06 10:07:37,459] INFO Cleaner 0: Cleaning log __consumer_offsets-24 (cleaning prior to Thu Mar 28 13:14:43 CST 2019, discarding tombstones prior to Thu Jan 01 08:00:00 CST 1970)... (kafka.log.LogCleaner)
[2019-06-06 10:07:37,895] INFO Cleaner 0: Beginning cleaning of log __consumer_offsets-24. (kafka.log.LogCleaner)
[2019-06-06 10:07:37,896] INFO Cleaner 0: Building offset map for __consumer_offsets-24... (kafka.log.LogCleaner)
[2019-06-06 10:07:37,930] INFO Cleaner 0: Building offset map for log __consumer_offsets-24 for 1 segments in offset range [0, 3). (kafka.log.LogCleaner)
[2019-06-06 10:07:37,931] INFO Cleaner 0: Offset map for log __consumer_offsets-24 complete. (kafka.log.LogCleaner)
[2019-06-06 10:07:37,931] INFO Cleaner 0: Cleaning log __consumer_offsets-24 (cleaning prior to Thu Mar 28 13:14:43 CST 2019, discarding tombstones prior to Thu Jan 01 08:00:00 CST 1970)... (kafka.log.LogCleaner)
[2019-06-06 10:07:38,516] INFO Cleaner 0: Beginning cleaning of log __consumer_offsets-24. (kafka.log.LogCleaner)
[2019-06-06 10:07:38,516] INFO Cleaner 0: Building offset map for __consumer_offsets-24... (kafka.log.LogCleaner)
[2019-06-06 10:07:38,553] INFO Cleaner 0: Building offset map for log __consumer_offsets-24 for 1 segments in offset range [0, 3). (kafka.log.LogCleaner)
[2019-06-06 10:07:38,554] INFO Cleaner 0: Offset map for log __consumer_offsets-24 complete. (kafka.log.LogCleaner)
[2019-06-06 10:07:38,554] INFO Cleaner 0: Cleaning log __consumer_offsets-24 (cleaning prior to Thu Mar 28 13:14:43 CST 2019, discarding tombstones prior to Thu Jan 01 08:00:00 CST 1970)... (kafka.log.LogCleaner)
[2019-06-06 10:07:39,247] INFO Cleaner 0: Beginning cleaning of log __consumer_offsets-24. (kafka.log.LogCleaner)
[2019-06-06 10:07:39,247] INFO Cleaner 0: Building offset map for __consumer_offsets-24... (kafka.log.LogCleaner)
[2019-06-06 10:07:39,281] INFO Cleaner 0: Building offset map for log __consumer_offsets-24 for 1 segments in offset range [0, 3). (kafka.log.LogCleaner)
[2019-06-06 10:07:39,282] INFO Cleaner 0: Offset map for log __consumer_offsets-24 complete. (kafka.log.LogCleaner)
[2019-06-06 10:07:39,282] INFO Cleaner 0: Cleaning log __consumer_offsets-24 (cleaning prior to Thu Mar 28 13:14:43 CST 2019, discarding tombstones prior to Thu Jan 01 08:00:00 CST 1970)... (kafka.log.LogCleaner)
[2019-06-06 10:07:39,393] INFO Cleaner 0: Beginning cleaning of log __consumer_offsets-24. (kafka.log.LogCleaner)
[2019-06-06 10:07:39,393] INFO Cleaner 0: Building offset map for __consumer_offsets-24... (kafka.log.LogCleaner)
[2019-06-06 10:07:39,437] INFO Cleaner 0: Building offset map for log __consumer_offsets-24 for 1 segments in offset range [0, 3). (kafka.log.LogCleaner)
[2019-06-06 10:07:39,438] INFO Cleaner 0: Offset map for log __consumer_offsets-24 complete. (kafka.log.LogCleaner)
[2019-06-06 10:07:39,439] INFO Cleaner 0: Cleaning log __consumer_offsets-24 (cleaning prior to Thu Mar 28 13:14:43 CST 2019, discarding tombstones prior to Thu Jan 01 08:00:00 CST 1970)... (kafka.log.LogCleaner)
[2019-06-06 10:07:39,595] INFO Cleaner 0: Beginning cleaning of log __consumer_offsets-24. (kafka.log.LogCleaner)
[2019-06-06 10:07:39,595] INFO Cleaner 0: Building offset map for __consumer_offsets-24... (kafka.log.LogCleaner)
[2019-06-06 10:07:39,629] INFO Cleaner 0: Building offset map for log __consumer_offsets-24 for 1 segments in offset range [0, 3). (kafka.log.LogCleaner)
[2019-06-06 10:07:39,630] INFO Cleaner 0: Offset map for log __consumer_offsets-24 complete. (kafka.log.LogCleaner)
[2019-06-06 10:07:39,631] INFO Cleaner 0: Cleaning log __consumer_offsets-24 (cleaning prior to Thu Mar 28 13:14:43 CST 2019, discarding tombstones prior to Thu Jan 01 08:00:00 CST 1970)... (kafka.log.LogCleaner)
[2019-06-06 10:07:39,748] INFO Cleaner 0: Beginning cleaning of log __consumer_offsets-24. (kafka.log.LogCleaner)
[2019-06-06 10:07:39,748] INFO Cleaner 0: Building offset map for __consumer_offsets-24... (kafka.log.LogCleaner)
[2019-06-06 10:07:39,783] INFO Cleaner 0: Building offset map for log __consumer_offsets-24 for 1 segments in offset range [0, 3). (kafka.log.LogCleaner)
[2019-06-06 10:07:39,783] INFO Cleaner 0: Offset map for log __consumer_offsets-24 complete. (kafka.log.LogCleaner)
[2019-06-06 10:07:39,784] INFO Cleaner 0: Cleaning log __consumer_offsets-24 (cleaning prior to Thu Mar 28 13:14:43 CST 2019, discarding tombstones prior to Thu Jan 01 08:00:00 CST 1970)... (kafka.log.LogCleaner)
[2019-06-06 10:07:39,870] INFO Cleaner 0: Beginning cleaning of log __consumer_offsets-24. (kafka.log.LogCleaner)
[2019-06-06 10:07:39,871] INFO Cleaner 0: Building offset map for __consumer_offsets-24... (kafka.log.LogCleaner)
[2019-06-06 10:07:39,910] INFO Cleaner 0: Building offset map for log __consumer_offsets-24 for 1 segments in offset range [0, 3). (kafka.log.LogCleaner)
[2019-06-06 10:07:39,911] INFO Cleaner 0: Offset map for log __consumer_offsets-24 complete. (kafka.log.LogCleaner)
[2019-06-06 10:07:39,911] INFO Cleaner 0: Cleaning log __consumer_offsets-24 (cleaning prior to Thu Mar 28 13:14:43 CST 2019, discarding tombstones prior to Thu Jan 01 08:00:00 CST 1970)... (kafka.log.LogCleaner)
[2019-06-06 10:07:40,123] INFO Cleaner 0: Beginning cleaning of log __consumer_offsets-24. (kafka.log.LogCleaner)
[2019-06-06 10:07:40,123] INFO Cleaner 0: Building offset map for __consumer_offsets-24... (kafka.log.LogCleaner)
[2019-06-06 10:07:40,166] INFO Cleaner 0: Building offset map for log __consumer_offsets-24 for 1 segments in offset range [0, 3). (kafka.log.LogCleaner)
[2019-06-06 10:07:40,168] INFO Cleaner 0: Offset map for log __consumer_offsets-24 complete. (kafka.log.LogCleaner)
[2019-06-06 10:07:40,168] INFO Cleaner 0: Cleaning log __consumer_offsets-24 (cleaning prior to Thu Mar 28 13:14:43 CST 2019, discarding tombstones prior to Thu Jan 01 08:00:00 CST 1970)... (kafka.log.LogCleaner)
[2019-06-06 10:07:40,349] INFO Cleaner 0: Beginning cleaning of log __consumer_offsets-24. (kafka.log.LogCleaner)
[2019-06-06 10:07:40,349] INFO Cleaner 0: Building offset map for __consumer_offsets-24... (kafka.log.LogCleaner)
[2019-06-06 10:07:40,388] INFO Cleaner 0: Building offset map for log __consumer_offsets-24 for 1 segments in offset range [0, 3). (kafka.log.LogCleaner)
[2019-06-06 10:07:40,389] INFO Cleaner 0: Offset map for log __consumer_offsets-24 complete. (kafka.log.LogCleaner)
[2019-06-06 10:07:40,389] INFO Cleaner 0: Cleaning log __consumer_offsets-24 (cleaning prior to Thu Mar 28 13:14:43 CST 2019, discarding tombstones prior to Thu Jan 01 08:00:00 CST 1970)... (kafka.log.LogCleaner)
[2019-06-06 10:07:40,525] INFO Cleaner 0: Beginning cleaning of log __consumer_offsets-24. (kafka.log.LogCleaner)
[2019-06-06 10:07:40,525] INFO Cleaner 0: Building offset map for __consumer_offsets-24... (kafka.log.LogCleaner)
[2019-06-06 10:07:40,567] INFO Cleaner 0: Building offset map for log __consumer_offsets-24 for 1 segments in offset range [0, 3). (kafka.log.LogCleaner)
[2019-06-06 10:07:40,567] INFO Cleaner 0: Offset map for log __consumer_offsets-24 complete. (kafka.log.LogCleaner)
[2019-06-06 10:07:40,568] INFO Cleaner 0: Cleaning log __consumer_offsets-24 (cleaning prior to Thu Mar 28 13:14:43 CST 2019, discarding tombstones prior to Thu Jan 01 08:00:00 CST 1970)... (kafka.log.LogCleaner)
[2019-06-06 10:07:40,713] INFO Cleaner 0: Beginning cleaning of log __consumer_offsets-24. (kafka.log.LogCleaner)
[2019-06-06 10:07:40,713] INFO Cleaner 0: Building offset map for __consumer_offsets-24... (kafka.log.LogCleaner)
[2019-06-06 10:07:40,749] INFO Cleaner 0: Building offset map for log __consumer_offsets-24 for 1 segments in offset range [0, 3). (kafka.log.LogCleaner)
[2019-06-06 10:07:40,750] INFO Cleaner 0: Offset map for log __consumer_offsets-24 complete. (kafka.log.LogCleaner)
[2019-06-06 10:07:40,750] INFO Cleaner 0: Cleaning log __consumer_offsets-24 (cleaning prior to Thu Mar 28 13:14:43 CST 2019, discarding tombstones prior to Thu Jan 01 08:00:00 CST 1970)... (kafka.log.LogCleaner)
[2019-06-06 10:07:40,875] INFO Cleaner 0: Beginning cleaning of log __consumer_offsets-24. (kafka.log.LogCleaner)
[2019-06-06 10:07:40,875] INFO Cleaner 0: Building offset map for __consumer_offsets-24... (kafka.log.LogCleaner)
[2019-06-06 10:07:40,910] INFO Cleaner 0: Building offset map for log __consumer_offsets-24 for 1 segments in offset range [0, 3). (kafka.log.LogCleaner)
[2019-06-06 10:07:40,910] INFO Cleaner 0: Offset map for log __consumer_offsets-24 complete. (kafka.log.LogCleaner)
[2019-06-06 10:07:40,910] INFO Cleaner 0: Cleaning log __consumer_offsets-24 (cleaning prior to Thu Mar 28 13:14:43 CST 2019, discarding tombstones prior to Thu Jan 01 08:00:00 CST 1970)... (kafka.log.LogCleaner)
[2019-06-06 10:16:49,840] INFO Starting the log cleaner (kafka.log.LogCleaner)
[2019-06-06 10:16:50,601] INFO [kafka-log-cleaner-thread-0]: Starting (kafka.log.LogCleaner)
[2019-06-06 10:16:50,768] INFO Cleaner 0: Beginning cleaning of log __consumer_offsets-24. (kafka.log.LogCleaner)
[2019-06-06 10:16:50,769] INFO Cleaner 0: Building offset map for __consumer_offsets-24... (kafka.log.LogCleaner)
[2019-06-06 10:16:50,818] INFO Cleaner 0: Building offset map for log __consumer_offsets-24 for 1 segments in offset range [0, 3). (kafka.log.LogCleaner)
[2019-06-06 10:16:53,563] INFO Cleaner 0: Offset map for log __consumer_offsets-24 complete. (kafka.log.LogCleaner)
[2019-06-06 10:16:53,641] INFO Cleaner 0: Cleaning log __consumer_offsets-24 (cleaning prior to Thu Mar 28 13:14:43 CST 2019, discarding tombstones prior to Thu Jan 01 08:00:00 CST 1970)... (kafka.log.LogCleaner)
[2019-06-06 10:16:53,650] INFO Cleaner 0: Cleaning segment 0 in log __consumer_offsets-24 (largest timestamp Thu Mar 28 13:14:43 CST 2019) into 0, retaining deletes. (kafka.log.LogCleaner)
[2019-06-06 10:16:54,263] INFO Cleaner 0: Swapping in cleaned segment LogSegment(baseOffset=0, size=93) for segment(s) List(LogSegment(baseOffset=0, size=554)) in log Log(C:\tmp\kafka-logs\__consumer_offsets-24) (kafka.log.LogCleaner)
[2019-06-06 10:16:54,699] INFO Cleaner 0: Beginning cleaning of log __consumer_offsets-24. (kafka.log.LogCleaner)
[2019-06-06 10:16:54,699] INFO Cleaner 0: Building offset map for __consumer_offsets-24... (kafka.log.LogCleaner)
[2019-06-06 10:16:54,879] INFO Cleaner 0: Building offset map for log __consumer_offsets-24 for 1 segments in offset range [0, 3). (kafka.log.LogCleaner)
[2019-06-06 10:16:54,880] INFO Cleaner 0: Offset map for log __consumer_offsets-24 complete. (kafka.log.LogCleaner)
[2019-06-06 10:16:54,880] INFO Cleaner 0: Cleaning log __consumer_offsets-24 (cleaning prior to Thu Mar 28 13:14:43 CST 2019, discarding tombstones prior to Thu Jan 01 08:00:00 CST 1970)... (kafka.log.LogCleaner)
[2019-06-06 10:16:55,156] INFO Cleaner 0: Beginning cleaning of log __consumer_offsets-24. (kafka.log.LogCleaner)
[2019-06-06 10:16:55,156] INFO Cleaner 0: Building offset map for __consumer_offsets-24... (kafka.log.LogCleaner)
[2019-06-06 10:16:55,188] INFO Cleaner 0: Building offset map for log __consumer_offsets-24 for 1 segments in offset range [0, 3). (kafka.log.LogCleaner)
[2019-06-06 10:16:55,189] INFO Cleaner 0: Offset map for log __consumer_offsets-24 complete. (kafka.log.LogCleaner)
[2019-06-06 10:16:55,189] INFO Cleaner 0: Cleaning log __consumer_offsets-24 (cleaning prior to Thu Mar 28 13:14:43 CST 2019, discarding tombstones prior to Thu Jan 01 08:00:00 CST 1970)... (kafka.log.LogCleaner)
[2019-06-06 10:16:55,448] INFO Cleaner 0: Beginning cleaning of log __consumer_offsets-24. (kafka.log.LogCleaner)
[2019-06-06 10:16:55,448] INFO Cleaner 0: Building offset map for __consumer_offsets-24... (kafka.log.LogCleaner)
[2019-06-06 10:16:55,487] INFO Cleaner 0: Building offset map for log __consumer_offsets-24 for 1 segments in offset range [0, 3). (kafka.log.LogCleaner)
[2019-06-06 10:16:55,488] INFO Cleaner 0: Offset map for log __consumer_offsets-24 complete. (kafka.log.LogCleaner)
[2019-06-06 10:16:55,488] INFO Cleaner 0: Cleaning log __consumer_offsets-24 (cleaning prior to Thu Mar 28 13:14:43 CST 2019, discarding tombstones prior to Thu Jan 01 08:00:00 CST 1970)... (kafka.log.LogCleaner)
[2019-06-06 10:16:55,836] INFO Cleaner 0: Beginning cleaning of log __consumer_offsets-24. (kafka.log.LogCleaner)
[2019-06-06 10:16:55,836] INFO Cleaner 0: Building offset map for __consumer_offsets-24... (kafka.log.LogCleaner)
[2019-06-06 10:16:55,868] INFO Cleaner 0: Building offset map for log __consumer_offsets-24 for 1 segments in offset range [0, 3). (kafka.log.LogCleaner)
[2019-06-06 10:16:55,869] INFO Cleaner 0: Offset map for log __consumer_offsets-24 complete. (kafka.log.LogCleaner)
[2019-06-06 10:16:55,869] INFO Cleaner 0: Cleaning log __consumer_offsets-24 (cleaning prior to Thu Mar 28 13:14:43 CST 2019, discarding tombstones prior to Thu Jan 01 08:00:00 CST 1970)... (kafka.log.LogCleaner)
[2019-06-06 10:16:56,183] INFO Cleaner 0: Beginning cleaning of log __consumer_offsets-24. (kafka.log.LogCleaner)
[2019-06-06 10:16:56,184] INFO Cleaner 0: Building offset map for __consumer_offsets-24... (kafka.log.LogCleaner)
[2019-06-06 10:16:56,222] INFO Cleaner 0: Building offset map for log __consumer_offsets-24 for 1 segments in offset range [0, 3). (kafka.log.LogCleaner)
[2019-06-06 10:16:56,223] INFO Cleaner 0: Offset map for log __consumer_offsets-24 complete. (kafka.log.LogCleaner)
[2019-06-06 10:16:56,223] INFO Cleaner 0: Cleaning log __consumer_offsets-24 (cleaning prior to Thu Mar 28 13:14:43 CST 2019, discarding tombstones prior to Thu Jan 01 08:00:00 CST 1970)... (kafka.log.LogCleaner)
[2019-06-06 10:16:56,731] INFO Cleaner 0: Beginning cleaning of log __consumer_offsets-24. (kafka.log.LogCleaner)
[2019-06-06 10:16:56,731] INFO Cleaner 0: Building offset map for __consumer_offsets-24... (kafka.log.LogCleaner)
[2019-06-06 10:16:56,771] INFO Cleaner 0: Building offset map for log __consumer_offsets-24 for 1 segments in offset range [0, 3). (kafka.log.LogCleaner)
[2019-06-06 10:16:56,771] INFO Cleaner 0: Offset map for log __consumer_offsets-24 complete. (kafka.log.LogCleaner)
[2019-06-06 10:16:56,772] INFO Cleaner 0: Cleaning log __consumer_offsets-24 (cleaning prior to Thu Mar 28 13:14:43 CST 2019, discarding tombstones prior to Thu Jan 01 08:00:00 CST 1970)... (kafka.log.LogCleaner)
[2019-06-06 10:16:57,468] INFO Cleaner 0: Beginning cleaning of log __consumer_offsets-24. (kafka.log.LogCleaner)
[2019-06-06 10:16:57,468] INFO Cleaner 0: Building offset map for __consumer_offsets-24... (kafka.log.LogCleaner)
[2019-06-06 10:16:57,500] INFO Cleaner 0: Building offset map for log __consumer_offsets-24 for 1 segments in offset range [0, 3). (kafka.log.LogCleaner)
[2019-06-06 10:16:57,501] INFO Cleaner 0: Offset map for log __consumer_offsets-24 complete. (kafka.log.LogCleaner)
[2019-06-06 10:16:57,501] INFO Cleaner 0: Cleaning log __consumer_offsets-24 (cleaning prior to Thu Mar 28 13:14:43 CST 2019, discarding tombstones prior to Thu Jan 01 08:00:00 CST 1970)... (kafka.log.LogCleaner)
[2019-06-06 10:16:58,404] INFO Cleaner 0: Beginning cleaning of log __consumer_offsets-24. (kafka.log.LogCleaner)
[2019-06-06 10:16:58,404] INFO Cleaner 0: Building offset map for __consumer_offsets-24... (kafka.log.LogCleaner)
[2019-06-06 10:16:58,454] INFO Cleaner 0: Building offset map for log __consumer_offsets-24 for 1 segments in offset range [0, 3). (kafka.log.LogCleaner)
[2019-06-06 10:16:58,455] INFO Cleaner 0: Offset map for log __consumer_offsets-24 complete. (kafka.log.LogCleaner)
[2019-06-06 10:16:58,455] INFO Cleaner 0: Cleaning log __consumer_offsets-24 (cleaning prior to Thu Mar 28 13:14:43 CST 2019, discarding tombstones prior to Thu Jan 01 08:00:00 CST 1970)... (kafka.log.LogCleaner)
[2019-06-06 10:16:58,984] INFO Cleaner 0: Beginning cleaning of log __consumer_offsets-24. (kafka.log.LogCleaner)
[2019-06-06 10:16:58,984] INFO Cleaner 0: Building offset map for __consumer_offsets-24... (kafka.log.LogCleaner)
[2019-06-06 10:16:59,016] INFO Cleaner 0: Building offset map for log __consumer_offsets-24 for 1 segments in offset range [0, 3). (kafka.log.LogCleaner)
[2019-06-06 10:16:59,017] INFO Cleaner 0: Offset map for log __consumer_offsets-24 complete. (kafka.log.LogCleaner)
[2019-06-06 10:16:59,017] INFO Cleaner 0: Cleaning log __consumer_offsets-24 (cleaning prior to Thu Mar 28 13:14:43 CST 2019, discarding tombstones prior to Thu Jan 01 08:00:00 CST 1970)... (kafka.log.LogCleaner)
[2019-06-06 10:16:59,316] INFO Cleaner 0: Beginning cleaning of log __consumer_offsets-24. (kafka.log.LogCleaner)
[2019-06-06 10:16:59,317] INFO Cleaner 0: Building offset map for __consumer_offsets-24... (kafka.log.LogCleaner)
[2019-06-06 10:16:59,347] INFO Cleaner 0: Building offset map for log __consumer_offsets-24 for 1 segments in offset range [0, 3). (kafka.log.LogCleaner)
[2019-06-06 10:16:59,349] INFO Cleaner 0: Offset map for log __consumer_offsets-24 complete. (kafka.log.LogCleaner)
[2019-06-06 10:16:59,349] INFO Cleaner 0: Cleaning log __consumer_offsets-24 (cleaning prior to Thu Mar 28 13:14:43 CST 2019, discarding tombstones prior to Thu Jan 01 08:00:00 CST 1970)... (kafka.log.LogCleaner)
[2019-06-06 10:16:59,610] INFO Cleaner 0: Beginning cleaning of log __consumer_offsets-24. (kafka.log.LogCleaner)
[2019-06-06 10:16:59,610] INFO Cleaner 0: Building offset map for __consumer_offsets-24... (kafka.log.LogCleaner)
[2019-06-06 10:16:59,643] INFO Cleaner 0: Building offset map for log __consumer_offsets-24 for 1 segments in offset range [0, 3). (kafka.log.LogCleaner)
[2019-06-06 10:16:59,643] INFO Cleaner 0: Offset map for log __consumer_offsets-24 complete. (kafka.log.LogCleaner)
[2019-06-06 10:16:59,644] INFO Cleaner 0: Cleaning log __consumer_offsets-24 (cleaning prior to Thu Mar 28 13:14:43 CST 2019, discarding tombstones prior to Thu Jan 01 08:00:00 CST 1970)... (kafka.log.LogCleaner)
[2019-06-06 10:16:59,950] INFO Cleaner 0: Beginning cleaning of log __consumer_offsets-24. (kafka.log.LogCleaner)
[2019-06-06 10:16:59,950] INFO Cleaner 0: Building offset map for __consumer_offsets-24... (kafka.log.LogCleaner)
[2019-06-06 10:16:59,984] INFO Cleaner 0: Building offset map for log __consumer_offsets-24 for 1 segments in offset range [0, 3). (kafka.log.LogCleaner)
[2019-06-06 10:16:59,984] INFO Cleaner 0: Offset map for log __consumer_offsets-24 complete. (kafka.log.LogCleaner)
[2019-06-06 10:16:59,984] INFO Cleaner 0: Cleaning log __consumer_offsets-24 (cleaning prior to Thu Mar 28 13:14:43 CST 2019, discarding tombstones prior to Thu Jan 01 08:00:00 CST 1970)... (kafka.log.LogCleaner)
[2019-06-06 10:17:00,201] INFO Cleaner 0: Beginning cleaning of log __consumer_offsets-24. (kafka.log.LogCleaner)
[2019-06-06 10:17:00,201] INFO Cleaner 0: Building offset map for __consumer_offsets-24... (kafka.log.LogCleaner)
[2019-06-06 10:17:00,233] INFO Cleaner 0: Building offset map for log __consumer_offsets-24 for 1 segments in offset range [0, 3). (kafka.log.LogCleaner)
[2019-06-06 10:17:00,234] INFO Cleaner 0: Offset map for log __consumer_offsets-24 complete. (kafka.log.LogCleaner)
[2019-06-06 10:17:00,234] INFO Cleaner 0: Cleaning log __consumer_offsets-24 (cleaning prior to Thu Mar 28 13:14:43 CST 2019, discarding tombstones prior to Thu Jan 01 08:00:00 CST 1970)... (kafka.log.LogCleaner)
[2019-06-06 10:17:00,557] INFO Cleaner 0: Beginning cleaning of log __consumer_offsets-24. (kafka.log.LogCleaner)
[2019-06-06 10:17:00,557] INFO Cleaner 0: Building offset map for __consumer_offsets-24... (kafka.log.LogCleaner)
[2019-06-06 10:17:00,588] INFO Cleaner 0: Building offset map for log __consumer_offsets-24 for 1 segments in offset range [0, 3). (kafka.log.LogCleaner)
[2019-06-06 10:17:00,589] INFO Cleaner 0: Offset map for log __consumer_offsets-24 complete. (kafka.log.LogCleaner)
[2019-06-06 10:17:00,589] INFO Cleaner 0: Cleaning log __consumer_offsets-24 (cleaning prior to Thu Mar 28 13:14:43 CST 2019, discarding tombstones prior to Thu Jan 01 08:00:00 CST 1970)... (kafka.log.LogCleaner)
[2019-06-06 10:17:00,889] INFO Cleaner 0: Beginning cleaning of log __consumer_offsets-24. (kafka.log.LogCleaner)
[2019-06-06 10:17:00,889] INFO Cleaner 0: Building offset map for __consumer_offsets-24... (kafka.log.LogCleaner)
[2019-06-06 10:17:00,926] INFO Cleaner 0: Building offset map for log __consumer_offsets-24 for 1 segments in offset range [0, 3). (kafka.log.LogCleaner)
[2019-06-06 10:17:00,930] INFO Cleaner 0: Offset map for log __consumer_offsets-24 complete. (kafka.log.LogCleaner)
[2019-06-06 10:17:00,930] INFO Cleaner 0: Cleaning log __consumer_offsets-24 (cleaning prior to Thu Mar 28 13:14:43 CST 2019, discarding tombstones prior to Thu Jan 01 08:00:00 CST 1970)... (kafka.log.LogCleaner)
[2019-06-06 10:27:43,509] INFO Starting the log cleaner (kafka.log.LogCleaner)
[2019-06-06 10:27:44,035] INFO [kafka-log-cleaner-thread-0]: Starting (kafka.log.LogCleaner)
[2019-06-06 11:02:55,729] INFO Starting the log cleaner (kafka.log.LogCleaner)
[2019-06-06 11:02:56,241] INFO [kafka-log-cleaner-thread-0]: Starting (kafka.log.LogCleaner)
[2019-06-06 11:13:49,850] INFO Shutting down the log cleaner. (kafka.log.LogCleaner)
[2019-06-06 11:13:49,871] INFO [kafka-log-cleaner-thread-0]: Shutting down (kafka.log.LogCleaner)
[2019-06-06 11:13:49,871] INFO [kafka-log-cleaner-thread-0]: Stopped (kafka.log.LogCleaner)
[2019-06-06 11:13:49,871] INFO [kafka-log-cleaner-thread-0]: Shutdown completed (kafka.log.LogCleaner)
[2019-06-06 11:15:11,460] INFO Starting the log cleaner (kafka.log.LogCleaner)
[2019-06-06 11:15:11,607] INFO [kafka-log-cleaner-thread-0]: Starting (kafka.log.LogCleaner)
[2019-06-06 16:58:35,532] INFO Shutting down the log cleaner. (kafka.log.LogCleaner)
[2019-06-06 16:58:35,631] INFO [kafka-log-cleaner-thread-0]: Shutting down (kafka.log.LogCleaner)
[2019-06-06 16:58:35,676] INFO [kafka-log-cleaner-thread-0]: Stopped (kafka.log.LogCleaner)
[2019-06-06 16:58:35,676] INFO [kafka-log-cleaner-thread-0]: Shutdown completed (kafka.log.LogCleaner)
